<?xml version="1.0" encoding="UTF-8"?>
<!-- Generated by org.testng.reporters.JUnitXMLReporter -->
<testsuite hostname="LAPTOP-41S1IO43" ignored="0" name="Test" tests="10" failures="2" timestamp="19 May 2020 05:34:50 GMT" time="0.127" errors="0">
  <testcase name="launchBrowser" time="0.016" classname="com.greens.TestNGSample.Employee">
    <skipped/>
  </testcase> <!-- launchBrowser -->
  <testcase name="launchBrowser" time="0.003" classname="com.greens.TestNGSample.Employee">
    <skipped/>
  </testcase> <!-- launchBrowser -->
  <testcase name="launchBrowser" time="0.002" classname="com.greens.TestNGSample.Employee">
    <skipped/>
  </testcase> <!-- launchBrowser -->
  <testcase name="launchBrowser" time="0.003" classname="com.greens.TestNGSample.Employee">
    <failure type="java.lang.AssertionError" message="expected [true] but found [false]">
      <![CDATA[java.lang.AssertionError: expected [true] but found [false]
at com.greens.TestNGSample.Employee.launchBrowser(Employee.java:17)
at java.util.concurrent.FutureTask.run(Unknown Source)
at java.util.concurrent.ThreadPoolExecutor.runWorker(Unknown Source)
at java.util.concurrent.ThreadPoolExecutor$Worker.run(Unknown Source)
at java.lang.Thread.run(Unknown Source)
... Removed 20 stack frames]]>
    </failure>
  </testcase> <!-- launchBrowser -->
  <testcase name="test" time="0.002" classname="com.greens.TestNGSample.Employee">
    <skipped/>
  </testcase> <!-- test -->
  <testcase name="test" time="0.002" classname="com.greens.TestNGSample.Employee">
    <skipped/>
  </testcase> <!-- test -->
  <testcase name="test" time="0.004" classname="com.greens.TestNGSample.Employee">
    <skipped/>
  </testcase> <!-- test -->
  <testcase name="test" time="0.002" classname="com.greens.TestNGSample.Employee">
    <failure type="java.lang.AssertionError" message="expected [true] but found [false]">
      <![CDATA[java.lang.AssertionError: expected [true] but found [false]
at com.greens.TestNGSample.Employee.test(Employee.java:26)
at java.util.concurrent.FutureTask.run(Unknown Source)
at java.util.concurrent.ThreadPoolExecutor.runWorker(Unknown Source)
at java.util.concurrent.ThreadPoolExecutor$Worker.run(Unknown Source)
at java.lang.Thread.run(Unknown Source)
... Removed 20 stack frames]]>
    </failure>
  </testcase> <!-- test -->
  <testcase name="studentID" time="0.002" classname="com.greens.TestNGSample.StudentDetails"/>
  <testcase name="studentName" time="0.003" classname="com.greens.TestNGSample.StudentDetails"/>
</testsuite> <!-- Test -->
