<?xml version="1.0" encoding="UTF-8"?>
<!-- Generated by org.testng.reporters.JUnitXMLReporter -->
<testsuite hostname="LAPTOP-41S1IO43" ignored="0" name="Test1" tests="5" failures="0" timestamp="17 May 2020 05:25:45 GMT" time="0.101" errors="0">
  <testcase name="enterUserName" time="0.013" classname="com.greens.TestNGSample.Employee"/>
  <testcase name="facebookLoginVerify" time="0.017" classname="com.greens.TestNGSample.Employee"/>
  <testcase name="launchApp" time="0.0" classname="com.greens.TestNGSample.Employee"/>
  <testcase name="launchBrowser" time="0.007" classname="com.greens.TestNGSample.Employee"/>
  <testcase name="EmployeeName" time="0.002" classname="com.greens.TestNGSample.Sample"/>
</testsuite> <!-- Test1 -->
