<?xml version="1.0" encoding="UTF-8"?>
<testng-results skipped="0" failed="0" ignored="0" total="1" passed="1">
  <reporter-output>
  </reporter-output>
  <suite name="Suite" duration-ms="79" started-at="2020-05-16T13:14:52Z" finished-at="2020-05-16T13:14:52Z">
    <groups>
    </groups>
    <test name="Test" duration-ms="79" started-at="2020-05-16T13:14:52Z" finished-at="2020-05-16T13:14:52Z">
      <class name="com.test.Sample.Airjet">
        <test-method status="PASS" signature="test()[pri:0, instance:com.test.Sample.Airjet@26be92ad]" name="test" duration-ms="24" started-at="2020-05-16T13:14:52Z" finished-at="2020-05-16T13:14:52Z">
          <reporter-output>
          </reporter-output>
        </test-method> <!-- test -->
      </class> <!-- com.test.Sample.Airjet -->
    </test> <!-- Test -->
  </suite> <!-- Suite -->
</testng-results>
